<?xml version="1.0" encoding="UTF-8"?>
<!-- Generated by org.testng.reporters.JUnitXMLReporter -->
<testsuite hostname="Lenovo" ignored="0" name="Test3" tests="10" failures="0" timestamp="24 Apr 2021 04:33:32 GMT" time="0.362" errors="0">
  <testcase name="tc100" time="0.046" classname="org.parallel.execution.ParallelExecution2"/>
  <testcase name="tc101" time="0.0" classname="org.parallel.execution.ParallelExecution2"/>
  <testcase name="tc102" time="0.0" classname="org.parallel.execution.ParallelExecution2"/>
  <testcase name="tc1" time="0.0" classname="org.parallel.execution.ParallelExecution"/>
  <testcase name="tc2" time="0.016" classname="org.parallel.execution.ParallelExecution"/>
  <testcase name="tc3" time="0.0" classname="org.parallel.execution.ParallelExecution"/>
  <testcase name="tc4" time="0.0" classname="org.parallel.execution.ParallelExecution"/>
  <testcase name="tc10" time="0.0" classname="org.parallel.execution.ParellelExecution1"/>
  <testcase name="tc11" time="0.015" classname="org.parallel.execution.ParellelExecution1"/>
  <testcase name="tc12" time="0.0" classname="org.parallel.execution.ParellelExecution1"/>
</testsuite> <!-- Test3 -->
